<?xml version="1.0" encoding="UTF-8"?>
<!-- Generated by org.testng.reporters.JUnitReportReporter -->
<testsuite hostname="NISHANTH" failures="0" tests="1" name="com.way2a.testcases.BankManagerLoginTest" time="0.163" errors="0" timestamp="24 Oct 2020 14:04:28 GMT" skipped="0">
  <testcase classname="com.way2a.testcases.BankManagerLoginTest" name="loginAsBankManager" time="0.163"/>
</testsuite> <!-- com.way2a.testcases.BankManagerLoginTest -->
