<?xml version="1.0" encoding="UTF-8"?>
<!-- Generated by org.testng.reporters.JUnitReportReporter -->
<testsuite hostname="NISHANTH" failures="0" tests="1" name="com.way2a.testcases.LoginTest" time="0.215" errors="0" timestamp="24 Oct 2020 04:26:29 GMT" skipped="0">
  <testcase classname="com.way2a.testcases.LoginTest" name="loginAsBankManager" time="0.215"/>
</testsuite> <!-- com.way2a.testcases.LoginTest -->
