<?xml version="1.0" encoding="UTF-8"?>
<!-- Generated by org.testng.reporters.JUnitReportReporter -->
<testsuite hostname="NISHANTH" failures="0" tests="1" name="com.way2a.testcases.AddCustomerTest" time="1.073" errors="0" timestamp="25 Oct 2020 14:10:24 GMT" skipped="0">
  <testcase classname="com.way2a.testcases.AddCustomerTest" name="addCustomer" time="1.073"/>
</testsuite> <!-- com.way2a.testcases.AddCustomerTest -->
